------------ Options -------------
anormly_ratio: 0.9
batch_size: 64
config: config/MSL.conf
d_model: 128
data_path: dataset/MSL
dataset: MSL
e_layers: 3
fr: 0.4
gpu: 0
input_c: 55
lr: 0.0001
mode: te
model_save_path: cpt
num_epochs: 1
output_c: 55
seed: 1
seq_size: 10
tr: 0.55
win_size: 100
-------------- End ----------------
test: (73729, 55)
train: (46653, 55)
test: (73729, 55)
train: (46653, 55)
test: (73729, 55)
train: (46653, 55)
test: (73729, 55)
train: (46653, 55)
======================TRAIN MODE======================
Epoch: 1, Steps: 728 | Train Loss: 0.0000000 Vali Loss: 0.0000000 | Time: 14.46s | Memory Usage: 52.90MB
======================TEST MODE======================
Threshold : 0.7427850399017364
pred:    (73700,)
gt:      (73700,)
pred:  (73700,)
gt:    (73700,)
Accuracy : 0.9901, Precision : 0.9299, Recall : 0.9799, F-score : 0.9542

